[INFO] Scanning for projects...
[INFO] 
[INFO] ------------< edu.dosw.rideci:ATENEA_NOTIFICATIONS_BACKEND >------------
[INFO] Building ATENEA_NOTIFICATIONS_BACKEND 0.0.1-SNAPSHOT
[INFO]   from pom.xml
[INFO] --------------------------------[ jar ]---------------------------------
[INFO] 
[INFO] --- jacoco:0.8.12:prepare-agent (prepare-agent) @ ATENEA_NOTIFICATIONS_BACKEND ---
[INFO] argLine set to -javaagent:C:\\Users\\juanp\\.m2\\repository\\org\\jacoco\\org.jacoco.agent\\0.8.12\\org.jacoco.agent-0.8.12-runtime.jar=destfile=D:\\cursor\\ATENEA_NOTIFICATIONS_BACKEND\\target\\jacoco.exec
[INFO] 
[INFO] --- resources:3.3.1:resources (default-resources) @ ATENEA_NOTIFICATIONS_BACKEND ---
[INFO] Copying 1 resource from src\main\resources to target\classes
[INFO] Copying 0 resource from src\main\resources to target\classes
[INFO] 
[INFO] --- compiler:3.11.0:compile (default-compile) @ ATENEA_NOTIFICATIONS_BACKEND ---
[INFO] Nothing to compile - all classes are up to date
[INFO] 
[INFO] --- resources:3.3.1:testResources (default-testResources) @ ATENEA_NOTIFICATIONS_BACKEND ---
[INFO] skip non existing resourceDirectory D:\cursor\ATENEA_NOTIFICATIONS_BACKEND\src\test\resources
[INFO] 
[INFO] --- compiler:3.11.0:testCompile (default-testCompile) @ ATENEA_NOTIFICATIONS_BACKEND ---
[INFO] Changes detected - recompiling the module! :source
[INFO] Compiling 25 source files with javac [debug release 17] to target\test-classes
[INFO] /D:/cursor/ATENEA_NOTIFICATIONS_BACKEND/src/test/java/edu/dosw/rideci/unit/domain/service/EventBusTest.java: D:\cursor\ATENEA_NOTIFICATIONS_BACKEND\src\test\java\edu\dosw\rideci\unit\domain\service\EventBusTest.java uses unchecked or unsafe operations.
[INFO] /D:/cursor/ATENEA_NOTIFICATIONS_BACKEND/src/test/java/edu/dosw/rideci/unit/domain/service/EventBusTest.java: Recompile with -Xlint:unchecked for details.
[INFO] Some messages have been simplified; recompile with -Xdiags:verbose to get full output
[INFO] -------------------------------------------------------------
[ERROR] COMPILATION ERROR : 
[INFO] -------------------------------------------------------------
[ERROR] /D:/cursor/ATENEA_NOTIFICATIONS_BACKEND/src/test/java/edu/dosw/rideci/unit/application/service/EventProcessingServiceTest.java:[35,39] no suitable constructor found for PaymentCompletedEvent(java.lang.String,java.lang.String,double,java.lang.String)
    constructor edu.dosw.rideci.application.events.payment.PaymentCompletedEvent.PaymentCompletedEvent() is not applicable
      (actual and formal argument lists differ in length)
    constructor edu.dosw.rideci.application.events.payment.PaymentCompletedEvent.PaymentCompletedEvent(java.lang.String,java.lang.String,java.lang.String,java.lang.String,java.lang.Double,java.lang.String) is not applicable
      (actual and formal argument lists differ in length)
[ERROR] /D:/cursor/ATENEA_NOTIFICATIONS_BACKEND/src/test/java/edu/dosw/rideci/unit/application/service/EventProcessingServiceTest.java:[55,59] incompatible types: edu.dosw.rideci.unit.application.service.EventProcessingServiceTest cannot be converted to java.lang.String
[ERROR] /D:/cursor/ATENEA_NOTIFICATIONS_BACKEND/src/test/java/edu/dosw/rideci/unit/infrastructure/exceptions/GlobalExceptionHandlerTest.java:[37,61] cannot find symbol
  symbol:   method message()
  location: class edu.dosw.rideci.infrastructure.exceptions.ErrorResponse
[ERROR] /D:/cursor/ATENEA_NOTIFICATIONS_BACKEND/src/test/java/edu/dosw/rideci/unit/infrastructure/exceptions/GlobalExceptionHandlerTest.java:[38,45] cannot find symbol
  symbol:   method status()
  location: class edu.dosw.rideci.infrastructure.exceptions.ErrorResponse
[ERROR] /D:/cursor/ATENEA_NOTIFICATIONS_BACKEND/src/test/java/edu/dosw/rideci/unit/infrastructure/exceptions/GlobalExceptionHandlerTest.java:[49,58] cannot find symbol
  symbol:   method message()
  location: class edu.dosw.rideci.infrastructure.exceptions.ErrorResponse
[ERROR] /D:/cursor/ATENEA_NOTIFICATIONS_BACKEND/src/test/java/edu/dosw/rideci/unit/infrastructure/exceptions/GlobalExceptionHandlerTest.java:[59,59] cannot find symbol
  symbol:   method details()
  location: class edu.dosw.rideci.infrastructure.exceptions.ErrorResponse
[ERROR] /D:/cursor/ATENEA_NOTIFICATIONS_BACKEND/src/test/java/edu/dosw/rideci/unit/application/service/CreateEmergencyBroadcastServiceTest.java:[48,17] incompatible types: no instance(s) of type variable(s) E exist so that java.util.List<E> conforms to java.lang.String
[ERROR] /D:/cursor/ATENEA_NOTIFICATIONS_BACKEND/src/test/java/edu/dosw/rideci/unit/application/service/CreateEmergencyBroadcastServiceTest.java:[79,17] incompatible types: no instance(s) of type variable(s) E exist so that java.util.List<E> conforms to java.lang.String
[ERROR] /D:/cursor/ATENEA_NOTIFICATIONS_BACKEND/src/test/java/edu/dosw/rideci/unit/application/service/CreateEmergencyBroadcastServiceTest.java:[108,17] incompatible types: no instance(s) of type variable(s) E exist so that java.util.List<E> conforms to java.lang.String
[ERROR] /D:/cursor/ATENEA_NOTIFICATIONS_BACKEND/src/test/java/edu/dosw/rideci/unit/application/service/CreateEmergencyBroadcastServiceTest.java:[135,17] incompatible types: no instance(s) of type variable(s) E exist so that java.util.List<E> conforms to java.lang.String
[INFO] 10 errors 
[INFO] -------------------------------------------------------------
[INFO] ------------------------------------------------------------------------
[INFO] BUILD FAILURE
[INFO] ------------------------------------------------------------------------
[INFO] Total time:  7.356 s
[INFO] Finished at: 2025-12-15T18:15:20-05:00
[INFO] ------------------------------------------------------------------------
[ERROR] Failed to execute goal org.apache.maven.plugins:maven-compiler-plugin:3.11.0:testCompile (default-testCompile) on project ATENEA_NOTIFICATIONS_BACKEND: Compilation failure: Compilation failure: 
[ERROR] /D:/cursor/ATENEA_NOTIFICATIONS_BACKEND/src/test/java/edu/dosw/rideci/unit/application/service/EventProcessingServiceTest.java:[35,39] no suitable constructor found for PaymentCompletedEvent(java.lang.String,java.lang.String,double,java.lang.String)
[ERROR]     constructor edu.dosw.rideci.application.events.payment.PaymentCompletedEvent.PaymentCompletedEvent() is not applicable
[ERROR]       (actual and formal argument lists differ in length)
[ERROR]     constructor edu.dosw.rideci.application.events.payment.PaymentCompletedEvent.PaymentCompletedEvent(java.lang.String,java.lang.String,java.lang.String,java.lang.String,java.lang.Double,java.lang.String) is not applicable
[ERROR]       (actual and formal argument lists differ in length)
[ERROR] /D:/cursor/ATENEA_NOTIFICATIONS_BACKEND/src/test/java/edu/dosw/rideci/unit/application/service/EventProcessingServiceTest.java:[55,59] incompatible types: edu.dosw.rideci.unit.application.service.EventProcessingServiceTest cannot be converted to java.lang.String
[ERROR] /D:/cursor/ATENEA_NOTIFICATIONS_BACKEND/src/test/java/edu/dosw/rideci/unit/infrastructure/exceptions/GlobalExceptionHandlerTest.java:[37,61] cannot find symbol
[ERROR]   symbol:   method message()
[ERROR]   location: class edu.dosw.rideci.infrastructure.exceptions.ErrorResponse
[ERROR] /D:/cursor/ATENEA_NOTIFICATIONS_BACKEND/src/test/java/edu/dosw/rideci/unit/infrastructure/exceptions/GlobalExceptionHandlerTest.java:[38,45] cannot find symbol
[ERROR]   symbol:   method status()
[ERROR]   location: class edu.dosw.rideci.infrastructure.exceptions.ErrorResponse
[ERROR] /D:/cursor/ATENEA_NOTIFICATIONS_BACKEND/src/test/java/edu/dosw/rideci/unit/infrastructure/exceptions/GlobalExceptionHandlerTest.java:[49,58] cannot find symbol
[ERROR]   symbol:   method message()
[ERROR]   location: class edu.dosw.rideci.infrastructure.exceptions.ErrorResponse
[ERROR] /D:/cursor/ATENEA_NOTIFICATIONS_BACKEND/src/test/java/edu/dosw/rideci/unit/infrastructure/exceptions/GlobalExceptionHandlerTest.java:[59,59] cannot find symbol
[ERROR]   symbol:   method details()
[ERROR]   location: class edu.dosw.rideci.infrastructure.exceptions.ErrorResponse
[ERROR] /D:/cursor/ATENEA_NOTIFICATIONS_BACKEND/src/test/java/edu/dosw/rideci/unit/application/service/CreateEmergencyBroadcastServiceTest.java:[48,17] incompatible types: no instance(s) of type variable(s) E exist so that java.util.List<E> conforms to java.lang.String
[ERROR] /D:/cursor/ATENEA_NOTIFICATIONS_BACKEND/src/test/java/edu/dosw/rideci/unit/application/service/CreateEmergencyBroadcastServiceTest.java:[79,17] incompatible types: no instance(s) of type variable(s) E exist so that java.util.List<E> conforms to java.lang.String
[ERROR] /D:/cursor/ATENEA_NOTIFICATIONS_BACKEND/src/test/java/edu/dosw/rideci/unit/application/service/CreateEmergencyBroadcastServiceTest.java:[108,17] incompatible types: no instance(s) of type variable(s) E exist so that java.util.List<E> conforms to java.lang.String
[ERROR] /D:/cursor/ATENEA_NOTIFICATIONS_BACKEND/src/test/java/edu/dosw/rideci/unit/application/service/CreateEmergencyBroadcastServiceTest.java:[135,17] incompatible types: no instance(s) of type variable(s) E exist so that java.util.List<E> conforms to java.lang.String
[ERROR] -> [Help 1]
[ERROR] 
[ERROR] To see the full stack trace of the errors, re-run Maven with the -e switch.
[ERROR] Re-run Maven using the -X switch to enable full debug logging.
[ERROR] 
[ERROR] For more information about the errors and possible solutions, please read the following articles:
[ERROR] [Help 1] http://cwiki.apache.org/confluence/display/MAVEN/MojoFailureException
